2024-12-15 19:45:43,126 __main__ (lichess-bot.py:1128) INFO 
    .   _/|
    .  // o\
    .  || ._)  lichess-bot 2024.6.9.1 on Linux 6.1.0-26-amd64
    .  //__\
    .  )___(   Play on Lichess with a bot
    
2024-12-15 19:45:43,187 lib.config (config.py:254) DEBUG Config:
token: logger
url: https://lichess.org/
engine:
  dir: ./engines/
  name: Calcili - Kaka Chess Bot.exe
  working_dir: ''
  protocol: uci
  ponder: true
  polyglot:
    enabled: false
    book:
      standard:
      - engines/book1.bin
      - engines/book2.bin
    min_weight: 1
    selection: weighted_random
    max_depth: 20
  draw_or_resign:
    resign_enabled: false
    resign_score: -1000
    resign_for_egtb_minus_two: true
    resign_moves: 3
    offer_draw_enabled: true
    offer_draw_score: 0
    offer_draw_for_egtb_zero: true
    offer_draw_moves: 10
    offer_draw_pieces: 10
  online_moves:
    max_out_of_book_moves: 10
    max_retries: 2
    max_depth: 10
    chessdb_book:
      enabled: false
      min_time: 20
      move_quality: good
      min_depth: 20
    lichess_cloud_analysis:
      enabled: false
      min_time: 20
      move_quality: best
      max_score_difference: 50
      min_depth: 20
      min_knodes: 0
    lichess_opening_explorer:
      enabled: false
      min_time: 20
      source: masters
      player_name: ''
      sort: winrate
      min_games: 10
    online_egtb:
      enabled: false
      min_time: 20
      max_pieces: 7
      source: lichess
      move_quality: best
  lichess_bot_tbs:
    syzygy:
      enabled: false
      paths:
      - engines/syzygy
      max_pieces: 7
      move_quality: best
    gaviota:
      enabled: false
      paths:
      - engines/gaviota
      max_pieces: 5
      min_dtm_to_consider_as_wdl_1: 120
      move_quality: best
  homemade_options: null
  uci_options: null
  silence_stderr: false
abort_time: 30
fake_think_time: false
rate_limiting_delay: 0
move_overhead: 2000
max_takebacks_accepted: 0
quit_after_all_games_finish: false
correspondence:
  move_time: 60
  checkin_period: 300
  disconnect_time: 150
  ponder: false
challenge:
  concurrency: 1
  sort_by: best
  accept_bot: true
  only_bot: false
  max_increment: 20
  min_increment: 0
  max_base: 1800
  min_base: 0
  max_days: 14
  min_days: 1
  variants:
  - standard
  time_controls:
  - bullet
  - blitz
  - rapid
  - classical
  modes:
  - casual
  bullet_requires_increment: false
greeting:
  hello: Hi! I'm Calcili. Good luck! Type !help for a list of commands I can respond
    to.
  goodbye: Good game!
  hello_spectators: Hi! I'm Calcili. Type !help for a list of commands I can respond
    to.
  goodbye_spectators: Thanks for watching!
matchmaking:
  allow_matchmaking: true
  allow_during_games: false
  challenge_variant: standard
  challenge_timeout: 1
  challenge_initial_time:
  - 60
  - 180
  challenge_increment:
  - 1
  - 2
  rating_preference: none
  opponent_allow_tos_violation: false
  challenge_mode: casual
  challenge_filter: none

2024-12-15 19:45:43,187 lib.config (config.py:255) DEBUG ====================
2024-12-15 19:45:43,201 lib.config (config.py:254) DEBUG Config:
token: logger
url: https://lichess.org/
engine:
  dir: ./engines/
  name: Calcili - Kaka Chess Bot.exe
  working_dir: /media/samannoyb/32A62FDDA62FA079/lichess-bot-mittens/lichess-bot-master/lichess-bot-master
  protocol: uci
  ponder: true
  polyglot:
    enabled: false
    book:
      standard:
      - engines/book1.bin
      - engines/book2.bin
    min_weight: 1
    selection: weighted_random
    max_depth: 20
  draw_or_resign:
    resign_enabled: false
    resign_score: -1000
    resign_for_egtb_minus_two: true
    resign_moves: 3
    offer_draw_enabled: true
    offer_draw_score: 0
    offer_draw_for_egtb_zero: true
    offer_draw_moves: 10
    offer_draw_pieces: 10
  online_moves:
    max_out_of_book_moves: 10
    max_retries: 2
    max_depth: 10
    chessdb_book:
      enabled: false
      min_time: 20
      move_quality: good
      min_depth: 20
    lichess_cloud_analysis:
      enabled: false
      min_time: 20
      move_quality: best
      max_score_difference: 50
      min_depth: 20
      min_knodes: 0
    lichess_opening_explorer:
      enabled: false
      min_time: 20
      source: masters
      player_name: ''
      sort: winrate
      min_games: 10
    online_egtb:
      enabled: false
      min_time: 20
      max_pieces: 7
      source: lichess
      move_quality: best
  lichess_bot_tbs:
    syzygy:
      enabled: false
      paths:
      - engines/syzygy
      max_pieces: 7
      move_quality: best
    gaviota:
      enabled: false
      paths:
      - engines/gaviota
      max_pieces: 5
      min_dtm_to_consider_as_wdl_1: 120
      move_quality: best
  homemade_options: null
  uci_options: null
  silence_stderr: false
  uci_ponder: false
abort_time: 30
fake_think_time: false
rate_limiting_delay: 0
move_overhead: 2000
max_takebacks_accepted: 0
quit_after_all_games_finish: false
correspondence:
  move_time: 60
  checkin_period: 300
  disconnect_time: 150
  ponder: false
  uci_ponder: false
challenge:
  concurrency: 1
  sort_by: best
  accept_bot: true
  only_bot: false
  max_increment: 20
  min_increment: 0
  max_base: 1800
  min_base: 0
  max_days: 14
  min_days: 1
  variants:
  - standard
  time_controls:
  - bullet
  - blitz
  - rapid
  - classical
  modes:
  - casual
  bullet_requires_increment: false
  block_list: []
  allow_list: []
greeting:
  hello: Hi! I'm Calcili. Good luck! Type !help for a list of commands I can respond
    to.
  goodbye: Good game!
  hello_spectators: Hi! I'm Calcili. Type !help for a list of commands I can respond
    to.
  goodbye_spectators: Thanks for watching!
matchmaking:
  allow_matchmaking: true
  allow_during_games: false
  challenge_variant: standard
  challenge_timeout: 1
  challenge_initial_time:
  - 60
  - 180
  challenge_increment:
  - 1
  - 2
  rating_preference: none
  opponent_allow_tos_violation: false
  challenge_mode: casual
  challenge_filter: none
  block_list: []
  challenge_days:
  - null
  opponent_min_rating: 600
  opponent_max_rating: 4000
  overrides: {}
pgn_directory: null
pgn_file_grouping: game

2024-12-15 19:45:43,202 lib.config (config.py:255) DEBUG ====================
2024-12-15 19:45:43,203 __main__ (lichess-bot.py:1131) INFO Checking engine configuration ...
2024-12-15 19:45:43,213 lib.engine_wrapper (engine_wrapper.py:65) DEBUG Starting engine: ['/media/samannoyb/32A62FDDA62FA079/lichess-bot-mittens/lichess-bot-master/lichess-bot-master/engines/Calcili - Kaka Chess Bot.exe']
2024-12-15 19:45:43,215 asyncio (selector_events.py:54) DEBUG Using selector: EpollSelector
2024-12-15 19:45:43,216 chess.engine (engine.py:124) DEBUG Using PidfdChildWatcher
2024-12-15 19:45:43,237 __main__ (lichess-bot.py:1196) ERROR Quitting lichess-bot due to an error:
Traceback (most recent call last):
  File "/media/samannoyb/32A62FDDA62FA079/lichess-bot-mittens/lichess-bot-master/lichess-bot-master/lichess-bot.py", line 1193, in <module>
    start_lichess_bot()
  File "/media/samannoyb/32A62FDDA62FA079/lichess-bot-mittens/lichess-bot-master/lichess-bot-master/lichess-bot.py", line 1132, in start_lichess_bot
    with engine_wrapper.create_engine(CONFIG):
         ^^^^^^^^^^^^^^^^^^^^^^^^^^^^^^^^^^^^
  File "/media/samannoyb/32A62FDDA62FA079/lichess-bot-mittens/lichess-bot-master/lichess-bot-master/lib/engine_wrapper.py", line 66, in create_engine
    return Engine(commands, options, stderr, cfg.draw_or_resign, game, cwd=cfg.working_dir)
           ^^^^^^^^^^^^^^^^^^^^^^^^^^^^^^^^^^^^^^^^^^^^^^^^^^^^^^^^^^^^^^^^^^^^^^^^^^^^^^^^
  File "/media/samannoyb/32A62FDDA62FA079/lichess-bot-mittens/lichess-bot-master/lichess-bot-master/lib/engine_wrapper.py", line 493, in __init__
    self.engine = chess.engine.SimpleEngine.popen_uci(commands, timeout=10., debug=False, setpgrp=True, stderr=stderr,
                  ^^^^^^^^^^^^^^^^^^^^^^^^^^^^^^^^^^^^^^^^^^^^^^^^^^^^^^^^^^^^^^^^^^^^^^^^^^^^^^^^^^^^^^^^^^^^^^^^^^^^
  File "/home/samannoyb/.local/lib/python3.11/site-packages/chess/engine.py", line 3054, in popen_uci
    return cls.popen(UciProtocol, command, timeout=timeout, debug=debug, setpgrp=setpgrp, **popen_args)
           ^^^^^^^^^^^^^^^^^^^^^^^^^^^^^^^^^^^^^^^^^^^^^^^^^^^^^^^^^^^^^^^^^^^^^^^^^^^^^^^^^^^^^^^^^^^^
  File "/home/samannoyb/.local/lib/python3.11/site-packages/chess/engine.py", line 3046, in popen
    return run_in_background(background, name=f"{cls.__name__} (command={command!r})", debug=debug)
           ^^^^^^^^^^^^^^^^^^^^^^^^^^^^^^^^^^^^^^^^^^^^^^^^^^^^^^^^^^^^^^^^^^^^^^^^^^^^^^^^^^^^^^^^
  File "/home/samannoyb/.local/lib/python3.11/site-packages/chess/engine.py", line 201, in run_in_background
    return future.result()
           ^^^^^^^^^^^^^^^
  File "/usr/lib/python3.11/concurrent/futures/_base.py", line 456, in result
    return self.__get_result()
           ^^^^^^^^^^^^^^^^^^^
  File "/usr/lib/python3.11/concurrent/futures/_base.py", line 401, in __get_result
    raise self._exception
  File "/home/samannoyb/.local/lib/python3.11/site-packages/chess/engine.py", line 195, in background
    asyncio.run(coroutine(future))
  File "/usr/lib/python3.11/asyncio/runners.py", line 190, in run
    return runner.run(main)
           ^^^^^^^^^^^^^^^^
  File "/usr/lib/python3.11/asyncio/runners.py", line 118, in run
    return self._loop.run_until_complete(task)
           ^^^^^^^^^^^^^^^^^^^^^^^^^^^^^^^^^^^
  File "/usr/lib/python3.11/asyncio/base_events.py", line 653, in run_until_complete
    return future.result()
           ^^^^^^^^^^^^^^^
  File "/home/samannoyb/.local/lib/python3.11/site-packages/chess/engine.py", line 3034, in background
    transport, protocol = await Protocol.popen(command, setpgrp=setpgrp, **popen_args)
                          ^^^^^^^^^^^^^^^^^^^^^^^^^^^^^^^^^^^^^^^^^^^^^^^^^^^^^^^^^^^^
  File "/home/samannoyb/.local/lib/python3.11/site-packages/chess/engine.py", line 1320, in popen
    return await asyncio.get_running_loop().subprocess_exec(cls, *command, **popen_args)
           ^^^^^^^^^^^^^^^^^^^^^^^^^^^^^^^^^^^^^^^^^^^^^^^^^^^^^^^^^^^^^^^^^^^^^^^^^^^^^
  File "/usr/lib/python3.11/asyncio/base_events.py", line 1694, in subprocess_exec
    transport = await self._make_subprocess_transport(
                ^^^^^^^^^^^^^^^^^^^^^^^^^^^^^^^^^^^^^^
  File "/usr/lib/python3.11/asyncio/unix_events.py", line 207, in _make_subprocess_transport
    transp = _UnixSubprocessTransport(self, protocol, args, shell,
             ^^^^^^^^^^^^^^^^^^^^^^^^^^^^^^^^^^^^^^^^^^^^^^^^^^^^^
  File "/usr/lib/python3.11/asyncio/base_subprocess.py", line 36, in __init__
    self._start(args=args, shell=shell, stdin=stdin, stdout=stdout,
  File "/usr/lib/python3.11/asyncio/unix_events.py", line 810, in _start
    self._proc = subprocess.Popen(
                 ^^^^^^^^^^^^^^^^^
  File "/usr/lib/python3.11/subprocess.py", line 1024, in __init__
    self._execute_child(args, executable, preexec_fn, close_fds,
  File "/usr/lib/python3.11/subprocess.py", line 1901, in _execute_child
    raise child_exception_type(errno_num, err_msg, err_filename)
OSError: [Errno 8] Exec format error: '/media/samannoyb/32A62FDDA62FA079/lichess-bot-mittens/lichess-bot-master/lichess-bot-master/engines/Calcili - Kaka Chess Bot.exe'
